/home/rsi/.rvm/rubies/ruby-2.1.5/bin/ruby -r ./siteconf20160721-6792-1p6yyqt.rb extconf.rb 
checking for ffi_call() in -lffi... yes
checking for ffi_prep_closure()... yes
checking for ffi_raw_call()... yes
checking for ffi_prep_raw_closure()... yes
checking for rb_thread_blocking_region()... yes
checking for rb_thread_call_with_gvl()... yes
checking for rb_thread_call_without_gvl()... yes
checking for ffi_prep_cif_var()... no
creating extconf.h
creating Makefile

make "DESTDIR=" clean

make "DESTDIR="
compiling MappedType.c
compiling ffi.c
compiling MethodHandle.c
compiling Thread.c
compiling LastError.c
compiling FunctionInfo.c
compiling Call.c
compiling ClosurePool.c
compiling StructByValue.c
compiling MemoryPointer.c
compiling LongDouble.c
compiling AbstractMemory.c
compiling Type.c
compiling Pointer.c
compiling StructByReference.c
compiling Platform.c
compiling Buffer.c
compiling StructLayout.c
compiling DataConverter.c
compiling Types.c
compiling Variadic.c
compiling Struct.c
compiling ArrayType.c
compiling Function.c
compiling DynamicLibrary.c
linking shared-object ffi_c.so

make "DESTDIR=" install
/usr/bin/install -c -m 0755 ffi_c.so ./.gem.20160721-6792-x4cgtf
installing default ffi_c libraries
